This file contains any messages produced by compilers while
running configure, to aid debugging if configure makes a mistake.

It was created by lv configure 0.0.1, which was
generated by GNU Autoconf 2.69.  Invocation command line was

  $ ./configure --no-create --no-recursion

## --------- ##
## Platform. ##
## --------- ##

hostname = pop-os
uname -m = x86_64
uname -r = 5.16.15-76051615-generic
uname -s = Linux
uname -v = #202203161444~1647964027~21.10~e706226 SMP PREEMPT Tue Mar 22 17

/usr/bin/uname -p = x86_64
/bin/uname -X     = unknown

/bin/arch              = x86_64
/usr/bin/arch -k       = unknown
/usr/convex/getsysinfo = unknown
/usr/bin/hostinfo      = unknown
/bin/machine           = unknown
/usr/bin/oslevel       = unknown
/bin/universe          = unknown

PATH: /home/pms/.local/bin
PATH: /home/pms/.nix-profile/bin
PATH: /nix/var/nix/profiles/default/bin
PATH: /usr/local/sbin
PATH: /usr/local/bin
PATH: /usr/sbin
PATH: /usr/bin
PATH: /sbin
PATH: /bin
PATH: /usr/games
PATH: /usr/local/games
PATH: /snap/bin
PATH: /snap/bin
PATH: /home/pms/.dotnet/tools
PATH: /home/pms/.dotnet/tools


## ----------- ##
## Core tests. ##
## ----------- ##

configure:2141: checking for gcc
configure:2157: found /usr/bin/gcc
configure:2168: result: gcc
configure:2397: checking for C compiler version
configure:2406: gcc --version >&5
gcc (Ubuntu 11.2.0-7ubuntu2) 11.2.0
Copyright (C) 2021 Free Software Foundation, Inc.
This is free software; see the source for copying conditions.  There is NO
warranty; not even for MERCHANTABILITY or FITNESS FOR A PARTICULAR PURPOSE.

configure:2417: $? = 0
configure:2406: gcc -v >&5
Using built-in specs.
COLLECT_GCC=gcc
COLLECT_LTO_WRAPPER=/usr/lib/gcc/x86_64-linux-gnu/11/lto-wrapper
OFFLOAD_TARGET_NAMES=nvptx-none:amdgcn-amdhsa
OFFLOAD_TARGET_DEFAULT=1
Target: x86_64-linux-gnu
Configured with: ../src/configure -v --with-pkgversion='Ubuntu 11.2.0-7ubuntu2' --with-bugurl=file:///usr/share/doc/gcc-11/README.Bugs --enable-languages=c,ada,c++,go,brig,d,fortran,objc,obj-c++,m2 --prefix=/usr --with-gcc-major-version-only --program-suffix=-11 --program-prefix=x86_64-linux-gnu- --enable-shared --enable-linker-build-id --libexecdir=/usr/lib --without-included-gettext --enable-threads=posix --libdir=/usr/lib --enable-nls --enable-bootstrap --enable-clocale=gnu --enable-libstdcxx-debug --enable-libstdcxx-time=yes --with-default-libstdcxx-abi=new --enable-gnu-unique-object --disable-vtable-verify --enable-plugin --enable-default-pie --with-system-zlib --enable-libphobos-checking=release --with-target-system-zlib=auto --enable-objc-gc=auto --enable-multiarch --disable-werror --enable-cet --with-arch-32=i686 --with-abi=m64 --with-multilib-list=m32,m64,mx32 --enable-multilib --with-tune=generic --enable-offload-targets=nvptx-none=/build/gcc-11-ZPT0kp/gcc-11-11.2.0/debian/tmp-nvptx/usr,amdgcn-amdhsa=/build/gcc-11-ZPT0kp/gcc-11-11.2.0/debian/tmp-gcn/usr --without-cuda-driver --enable-checking=release --build=x86_64-linux-gnu --host=x86_64-linux-gnu --target=x86_64-linux-gnu --with-build-config=bootstrap-lto-lean --enable-link-serialization=2
Thread model: posix
Supported LTO compression algorithms: zlib zstd
gcc version 11.2.0 (Ubuntu 11.2.0-7ubuntu2) 
... rest of stderr output deleted ...
configure:2417: $? = 0
configure:2406: gcc -V >&5
gcc: error: unrecognized command-line option '-V'
gcc: fatal error: no input files
compilation terminated.
configure:2417: $? = 1
configure:2406: gcc -qversion >&5
gcc: error: unrecognized command-line option '-qversion'; did you mean '--version'?
gcc: fatal error: no input files
compilation terminated.
configure:2417: $? = 1
configure:2437: checking whether the C compiler works
configure:2459: gcc    conftest.c  >&5
configure:2463: $? = 0
configure:2511: result: yes
configure:2514: checking for C compiler default output file name
configure:2516: result: a.out
configure:2522: checking for suffix of executables
configure:2529: gcc -o conftest    conftest.c  >&5
configure:2533: $? = 0
configure:2555: result: 
configure:2577: checking whether we are cross compiling
configure:2585: gcc -o conftest    conftest.c  >&5
configure:2589: $? = 0
configure:2596: ./conftest
configure:2600: $? = 0
configure:2615: result: no
configure:2620: checking for suffix of object files
configure:2642: gcc -c   conftest.c >&5
configure:2646: $? = 0
configure:2667: result: o
configure:2671: checking whether we are using the GNU C compiler
configure:2690: gcc -c   conftest.c >&5
configure:2690: $? = 0
configure:2699: result: yes
configure:2708: checking whether gcc accepts -g
configure:2728: gcc -c -g  conftest.c >&5
configure:2728: $? = 0
configure:2769: result: yes
configure:2786: checking for gcc option to accept ISO C89
configure:2849: gcc  -c -g -O2  conftest.c >&5
configure:2849: $? = 0
configure:2862: result: none needed
configure:2919: checking whether gcc understands -c and -o together
configure:2941: gcc -c conftest.c -o conftest2.o
configure:2944: $? = 0
configure:2941: gcc -c conftest.c -o conftest2.o
configure:2944: $? = 0
configure:2956: result: yes
configure:2998: checking for special C compiler options needed for large files
configure:3043: result: no
configure:3049: checking for _FILE_OFFSET_BITS value needed for large files
configure:3074: gcc -c -g -O2  conftest.c >&5
configure:3074: $? = 0
configure:3106: result: no
configure:3194: checking for dirent.h that defines DIR
configure:3213: gcc -c -g -O2  conftest.c >&5
configure:3213: $? = 0
configure:3221: result: yes
configure:3234: checking for library containing opendir
configure:3265: gcc -o conftest -g -O2   conftest.c  >&5
configure:3265: $? = 0
configure:3282: result: none required
configure:3349: checking POSIX termios
configure:3369: gcc -o conftest -g -O2   conftest.c  >&5
configure:3369: $? = 0
configure:3377: result: yes
configure:3804: checking errno.h usability
configure:3804: gcc -c -g -O2  conftest.c >&5
configure:3804: $? = 0
configure:3804: result: yes
configure:3804: checking errno.h presence
configure:3804:   conftest.c
./configure: line 1551: conftest.c: command not found
configure:3804: $? = 127
configure: failed program was:
| /* confdefs.h */
| #define PACKAGE_NAME "lv"
| #define PACKAGE_TARNAME "lv"
| #define PACKAGE_VERSION "0.0.1"
| #define PACKAGE_STRING "lv 0.0.1"
| #define PACKAGE_BUGREPORT "parsa32569@gmail.com"
| #define PACKAGE_URL ""
| #define HAVE_DIRENT_H 1
| #define HAVE_POSIX_TERMIOS 1
| /* end confdefs.h.  */
| #include <errno.h>
configure:3804: result: no
configure:3804: WARNING: errno.h: accepted by the compiler, rejected by the preprocessor!
configure:3804: WARNING: errno.h: proceeding with the compiler's result
configure:3804: checking for errno.h
configure:3804: result: yes
configure:3804: checking fcntl.h usability
configure:3804: gcc -c -g -O2  conftest.c >&5
configure:3804: $? = 0
configure:3804: result: yes
configure:3804: checking fcntl.h presence
configure:3804:   conftest.c
./configure: line 1551: conftest.c: command not found
configure:3804: $? = 127
configure: failed program was:
| /* confdefs.h */
| #define PACKAGE_NAME "lv"
| #define PACKAGE_TARNAME "lv"
| #define PACKAGE_VERSION "0.0.1"
| #define PACKAGE_STRING "lv 0.0.1"
| #define PACKAGE_BUGREPORT "parsa32569@gmail.com"
| #define PACKAGE_URL ""
| #define HAVE_DIRENT_H 1
| #define HAVE_POSIX_TERMIOS 1
| #define HAVE_ERRNO_H 1
| /* end confdefs.h.  */
| #include <fcntl.h>
configure:3804: result: no
configure:3804: WARNING: fcntl.h: accepted by the compiler, rejected by the preprocessor!
configure:3804: WARNING: fcntl.h: proceeding with the compiler's result
configure:3804: checking for fcntl.h
configure:3804: result: yes
configure:3804: checking locale.h usability
configure:3804: gcc -c -g -O2  conftest.c >&5
configure:3804: $? = 0
configure:3804: result: yes
configure:3804: checking locale.h presence
configure:3804:   conftest.c
./configure: line 1551: conftest.c: command not found
configure:3804: $? = 127
configure: failed program was:
| /* confdefs.h */
| #define PACKAGE_NAME "lv"
| #define PACKAGE_TARNAME "lv"
| #define PACKAGE_VERSION "0.0.1"
| #define PACKAGE_STRING "lv 0.0.1"
| #define PACKAGE_BUGREPORT "parsa32569@gmail.com"
| #define PACKAGE_URL ""
| #define HAVE_DIRENT_H 1
| #define HAVE_POSIX_TERMIOS 1
| #define HAVE_ERRNO_H 1
| #define HAVE_FCNTL_H 1
| /* end confdefs.h.  */
| #include <locale.h>
configure:3804: result: no
configure:3804: WARNING: locale.h: accepted by the compiler, rejected by the preprocessor!
configure:3804: WARNING: locale.h: proceeding with the compiler's result
configure:3804: checking for locale.h
configure:3804: result: yes
configure:3804: checking sgtty.h usability
configure:3804: gcc -c -g -O2  conftest.c >&5
configure:3804: $? = 0
configure:3804: result: yes
configure:3804: checking sgtty.h presence
configure:3804:   conftest.c
./configure: line 1551: conftest.c: command not found
configure:3804: $? = 127
configure: failed program was:
| /* confdefs.h */
| #define PACKAGE_NAME "lv"
| #define PACKAGE_TARNAME "lv"
| #define PACKAGE_VERSION "0.0.1"
| #define PACKAGE_STRING "lv 0.0.1"
| #define PACKAGE_BUGREPORT "parsa32569@gmail.com"
| #define PACKAGE_URL ""
| #define HAVE_DIRENT_H 1
| #define HAVE_POSIX_TERMIOS 1
| #define HAVE_ERRNO_H 1
| #define HAVE_FCNTL_H 1
| #define HAVE_LOCALE_H 1
| /* end confdefs.h.  */
| #include <sgtty.h>
configure:3804: result: no
configure:3804: WARNING: sgtty.h: accepted by the compiler, rejected by the preprocessor!
configure:3804: WARNING: sgtty.h: proceeding with the compiler's result
configure:3804: checking for sgtty.h
configure:3804: result: yes
configure:3804: checking stdlib.h usability
configure:3804: gcc -c -g -O2  conftest.c >&5
configure:3804: $? = 0
configure:3804: result: yes
configure:3804: checking stdlib.h presence
configure:3804:   conftest.c
./configure: line 1551: conftest.c: command not found
configure:3804: $? = 127
configure: failed program was:
| /* confdefs.h */
| #define PACKAGE_NAME "lv"
| #define PACKAGE_TARNAME "lv"
| #define PACKAGE_VERSION "0.0.1"
| #define PACKAGE_STRING "lv 0.0.1"
| #define PACKAGE_BUGREPORT "parsa32569@gmail.com"
| #define PACKAGE_URL ""
| #define HAVE_DIRENT_H 1
| #define HAVE_POSIX_TERMIOS 1
| #define HAVE_ERRNO_H 1
| #define HAVE_FCNTL_H 1
| #define HAVE_LOCALE_H 1
| #define HAVE_SGTTY_H 1
| /* end confdefs.h.  */
| #include <stdlib.h>
configure:3804: result: no
configure:3804: WARNING: stdlib.h: accepted by the compiler, rejected by the preprocessor!
configure:3804: WARNING: stdlib.h: proceeding with the compiler's result
configure:3804: checking for stdlib.h
configure:3804: result: yes
configure:3804: checking string.h usability
configure:3804: gcc -c -g -O2  conftest.c >&5
configure:3804: $? = 0
configure:3804: result: yes
configure:3804: checking string.h presence
configure:3804:   conftest.c
./configure: line 1551: conftest.c: command not found
configure:3804: $? = 127
configure: failed program was:
| /* confdefs.h */
| #define PACKAGE_NAME "lv"
| #define PACKAGE_TARNAME "lv"
| #define PACKAGE_VERSION "0.0.1"
| #define PACKAGE_STRING "lv 0.0.1"
| #define PACKAGE_BUGREPORT "parsa32569@gmail.com"
| #define PACKAGE_URL ""
| #define HAVE_DIRENT_H 1
| #define HAVE_POSIX_TERMIOS 1
| #define HAVE_ERRNO_H 1
| #define HAVE_FCNTL_H 1
| #define HAVE_LOCALE_H 1
| #define HAVE_SGTTY_H 1
| #define HAVE_STDLIB_H 1
| /* end confdefs.h.  */
| #include <string.h>
configure:3804: result: no
configure:3804: WARNING: string.h: accepted by the compiler, rejected by the preprocessor!
configure:3804: WARNING: string.h: proceeding with the compiler's result
configure:3804: checking for string.h
configure:3804: result: yes
configure:3817: checking sys/ioctl.h usability
configure:3817: gcc -c -g -O2  conftest.c >&5
configure:3817: $? = 0
configure:3817: result: yes
configure:3817: checking sys/ioctl.h presence
configure:3817:   conftest.c
./configure: line 1551: conftest.c: command not found
configure:3817: $? = 127
configure: failed program was:
| /* confdefs.h */
| #define PACKAGE_NAME "lv"
| #define PACKAGE_TARNAME "lv"
| #define PACKAGE_VERSION "0.0.1"
| #define PACKAGE_STRING "lv 0.0.1"
| #define PACKAGE_BUGREPORT "parsa32569@gmail.com"
| #define PACKAGE_URL ""
| #define HAVE_DIRENT_H 1
| #define HAVE_POSIX_TERMIOS 1
| #define HAVE_ERRNO_H 1
| #define HAVE_FCNTL_H 1
| #define HAVE_LOCALE_H 1
| #define HAVE_SGTTY_H 1
| #define HAVE_STDLIB_H 1
| #define HAVE_STRING_H 1
| /* end confdefs.h.  */
| #include <sys/ioctl.h>
configure:3817: result: no
configure:3817: WARNING: sys/ioctl.h: accepted by the compiler, rejected by the preprocessor!
configure:3817: WARNING: sys/ioctl.h: proceeding with the compiler's result
configure:3817: checking for sys/ioctl.h
configure:3817: result: yes
configure:3817: checking sys/param.h usability
configure:3817: gcc -c -g -O2  conftest.c >&5
configure:3817: $? = 0
configure:3817: result: yes
configure:3817: checking sys/param.h presence
configure:3817:   conftest.c
./configure: line 1551: conftest.c: command not found
configure:3817: $? = 127
configure: failed program was:
| /* confdefs.h */
| #define PACKAGE_NAME "lv"
| #define PACKAGE_TARNAME "lv"
| #define PACKAGE_VERSION "0.0.1"
| #define PACKAGE_STRING "lv 0.0.1"
| #define PACKAGE_BUGREPORT "parsa32569@gmail.com"
| #define PACKAGE_URL ""
| #define HAVE_DIRENT_H 1
| #define HAVE_POSIX_TERMIOS 1
| #define HAVE_ERRNO_H 1
| #define HAVE_FCNTL_H 1
| #define HAVE_LOCALE_H 1
| #define HAVE_SGTTY_H 1
| #define HAVE_STDLIB_H 1
| #define HAVE_STRING_H 1
| #define HAVE_SYS_IOCTL_H 1
| /* end confdefs.h.  */
| #include <sys/param.h>
configure:3817: result: no
configure:3817: WARNING: sys/param.h: accepted by the compiler, rejected by the preprocessor!
configure:3817: WARNING: sys/param.h: proceeding with the compiler's result
configure:3817: checking for sys/param.h
configure:3817: result: yes
configure:3817: checking sys/time.h usability
configure:3817: gcc -c -g -O2  conftest.c >&5
configure:3817: $? = 0
configure:3817: result: yes
configure:3817: checking sys/time.h presence
configure:3817:   conftest.c
./configure: line 1551: conftest.c: command not found
configure:3817: $? = 127
configure: failed program was:
| /* confdefs.h */
| #define PACKAGE_NAME "lv"
| #define PACKAGE_TARNAME "lv"
| #define PACKAGE_VERSION "0.0.1"
| #define PACKAGE_STRING "lv 0.0.1"
| #define PACKAGE_BUGREPORT "parsa32569@gmail.com"
| #define PACKAGE_URL ""
| #define HAVE_DIRENT_H 1
| #define HAVE_POSIX_TERMIOS 1
| #define HAVE_ERRNO_H 1
| #define HAVE_FCNTL_H 1
| #define HAVE_LOCALE_H 1
| #define HAVE_SGTTY_H 1
| #define HAVE_STDLIB_H 1
| #define HAVE_STRING_H 1
| #define HAVE_SYS_IOCTL_H 1
| #define HAVE_SYS_PARAM_H 1
| /* end confdefs.h.  */
| #include <sys/time.h>
configure:3817: result: no
configure:3817: WARNING: sys/time.h: accepted by the compiler, rejected by the preprocessor!
configure:3817: WARNING: sys/time.h: proceeding with the compiler's result
configure:3817: checking for sys/time.h
configure:3817: result: yes
configure:3817: checking unistd.h usability
configure:3817: gcc -c -g -O2  conftest.c >&5
configure:3817: $? = 0
configure:3817: result: yes
configure:3817: checking unistd.h presence
configure:3817:   conftest.c
./configure: line 1551: conftest.c: command not found
configure:3817: $? = 127
configure: failed program was:
| /* confdefs.h */
| #define PACKAGE_NAME "lv"
| #define PACKAGE_TARNAME "lv"
| #define PACKAGE_VERSION "0.0.1"
| #define PACKAGE_STRING "lv 0.0.1"
| #define PACKAGE_BUGREPORT "parsa32569@gmail.com"
| #define PACKAGE_URL ""
| #define HAVE_DIRENT_H 1
| #define HAVE_POSIX_TERMIOS 1
| #define HAVE_ERRNO_H 1
| #define HAVE_FCNTL_H 1
| #define HAVE_LOCALE_H 1
| #define HAVE_SGTTY_H 1
| #define HAVE_STDLIB_H 1
| #define HAVE_STRING_H 1
| #define HAVE_SYS_IOCTL_H 1
| #define HAVE_SYS_PARAM_H 1
| #define HAVE_SYS_TIME_H 1
| /* end confdefs.h.  */
| #include <unistd.h>
configure:3817: result: no
configure:3817: WARNING: unistd.h: accepted by the compiler, rejected by the preprocessor!
configure:3817: WARNING: unistd.h: proceeding with the compiler's result
configure:3817: checking for unistd.h
configure:3817: result: yes
configure:3817: checking utime.h usability
configure:3817: gcc -c -g -O2  conftest.c >&5
configure:3817: $? = 0
configure:3817: result: yes
configure:3817: checking utime.h presence
configure:3817:   conftest.c
./configure: line 1551: conftest.c: command not found
configure:3817: $? = 127
configure: failed program was:
| /* confdefs.h */
| #define PACKAGE_NAME "lv"
| #define PACKAGE_TARNAME "lv"
| #define PACKAGE_VERSION "0.0.1"
| #define PACKAGE_STRING "lv 0.0.1"
| #define PACKAGE_BUGREPORT "parsa32569@gmail.com"
| #define PACKAGE_URL ""
| #define HAVE_DIRENT_H 1
| #define HAVE_POSIX_TERMIOS 1
| #define HAVE_ERRNO_H 1
| #define HAVE_FCNTL_H 1
| #define HAVE_LOCALE_H 1
| #define HAVE_SGTTY_H 1
| #define HAVE_STDLIB_H 1
| #define HAVE_STRING_H 1
| #define HAVE_SYS_IOCTL_H 1
| #define HAVE_SYS_PARAM_H 1
| #define HAVE_SYS_TIME_H 1
| #define HAVE_UNISTD_H 1
| /* end confdefs.h.  */
| #include <utime.h>
configure:3817: result: no
configure:3817: WARNING: utime.h: accepted by the compiler, rejected by the preprocessor!
configure:3817: WARNING: utime.h: proceeding with the compiler's result
configure:3817: checking for utime.h
configure:3817: result: yes
configure:3830: checking sys/dirent.h usability
configure:3830: gcc -c -g -O2  conftest.c >&5
conftest.c:55:10: fatal error: sys/dirent.h: No such file or directory
   55 | #include <sys/dirent.h>
      |          ^~~~~~~~~~~~~~
compilation terminated.
configure:3830: $? = 1
configure: failed program was:
| /* confdefs.h */
| #define PACKAGE_NAME "lv"
| #define PACKAGE_TARNAME "lv"
| #define PACKAGE_VERSION "0.0.1"
| #define PACKAGE_STRING "lv 0.0.1"
| #define PACKAGE_BUGREPORT "parsa32569@gmail.com"
| #define PACKAGE_URL ""
| #define HAVE_DIRENT_H 1
| #define HAVE_POSIX_TERMIOS 1
| #define HAVE_ERRNO_H 1
| #define HAVE_FCNTL_H 1
| #define HAVE_LOCALE_H 1
| #define HAVE_SGTTY_H 1
| #define HAVE_STDLIB_H 1
| #define HAVE_STRING_H 1
| #define HAVE_SYS_IOCTL_H 1
| #define HAVE_SYS_PARAM_H 1
| #define HAVE_SYS_TIME_H 1
| #define HAVE_UNISTD_H 1
| #define HAVE_UTIME_H 1
| /* end confdefs.h.  */
| #include <stdio.h>
| #ifdef HAVE_SYS_TYPES_H
| # include <sys/types.h>
| #endif
| #ifdef HAVE_SYS_STAT_H
| # include <sys/stat.h>
| #endif
| #ifdef STDC_HEADERS
| # include <stdlib.h>
| # include <stddef.h>
| #else
| # ifdef HAVE_STDLIB_H
| #  include <stdlib.h>
| # endif
| #endif
| #ifdef HAVE_STRING_H
| # if !defined STDC_HEADERS && defined HAVE_MEMORY_H
| #  include <memory.h>
| # endif
| # include <string.h>
| #endif
| #ifdef HAVE_STRINGS_H
| # include <strings.h>
| #endif
| #ifdef HAVE_INTTYPES_H
| # include <inttypes.h>
| #endif
| #ifdef HAVE_STDINT_H
| # include <stdint.h>
| #endif
| #ifdef HAVE_UNISTD_H
| # include <unistd.h>
| #endif
| #include <sys/dirent.h>
configure:3830: result: no
configure:3830: checking sys/dirent.h presence
configure:3830:   conftest.c
./configure: line 1551: conftest.c: command not found
configure:3830: $? = 127
configure: failed program was:
| /* confdefs.h */
| #define PACKAGE_NAME "lv"
| #define PACKAGE_TARNAME "lv"
| #define PACKAGE_VERSION "0.0.1"
| #define PACKAGE_STRING "lv 0.0.1"
| #define PACKAGE_BUGREPORT "parsa32569@gmail.com"
| #define PACKAGE_URL ""
| #define HAVE_DIRENT_H 1
| #define HAVE_POSIX_TERMIOS 1
| #define HAVE_ERRNO_H 1
| #define HAVE_FCNTL_H 1
| #define HAVE_LOCALE_H 1
| #define HAVE_SGTTY_H 1
| #define HAVE_STDLIB_H 1
| #define HAVE_STRING_H 1
| #define HAVE_SYS_IOCTL_H 1
| #define HAVE_SYS_PARAM_H 1
| #define HAVE_SYS_TIME_H 1
| #define HAVE_UNISTD_H 1
| #define HAVE_UTIME_H 1
| /* end confdefs.h.  */
| #include <sys/dirent.h>
configure:3830: result: no
configure:3830: checking for sys/dirent.h
configure:3830: result: no
configure:3830: checking time.h usability
configure:3830: gcc -c -g -O2  conftest.c >&5
configure:3830: $? = 0
configure:3830: result: yes
configure:3830: checking time.h presence
configure:3830:   conftest.c
./configure: line 1551: conftest.c: command not found
configure:3830: $? = 127
configure: failed program was:
| /* confdefs.h */
| #define PACKAGE_NAME "lv"
| #define PACKAGE_TARNAME "lv"
| #define PACKAGE_VERSION "0.0.1"
| #define PACKAGE_STRING "lv 0.0.1"
| #define PACKAGE_BUGREPORT "parsa32569@gmail.com"
| #define PACKAGE_URL ""
| #define HAVE_DIRENT_H 1
| #define HAVE_POSIX_TERMIOS 1
| #define HAVE_ERRNO_H 1
| #define HAVE_FCNTL_H 1
| #define HAVE_LOCALE_H 1
| #define HAVE_SGTTY_H 1
| #define HAVE_STDLIB_H 1
| #define HAVE_STRING_H 1
| #define HAVE_SYS_IOCTL_H 1
| #define HAVE_SYS_PARAM_H 1
| #define HAVE_SYS_TIME_H 1
| #define HAVE_UNISTD_H 1
| #define HAVE_UTIME_H 1
| /* end confdefs.h.  */
| #include <time.h>
configure:3830: result: no
configure:3830: WARNING: time.h: accepted by the compiler, rejected by the preprocessor!
configure:3830: WARNING: time.h: proceeding with the compiler's result
configure:3830: checking for time.h
configure:3830: result: yes
configure:3830: checking pwd.h usability
configure:3830: gcc -c -g -O2  conftest.c >&5
configure:3830: $? = 0
configure:3830: result: yes
configure:3830: checking pwd.h presence
configure:3830:   conftest.c
./configure: line 1551: conftest.c: command not found
configure:3830: $? = 127
configure: failed program was:
| /* confdefs.h */
| #define PACKAGE_NAME "lv"
| #define PACKAGE_TARNAME "lv"
| #define PACKAGE_VERSION "0.0.1"
| #define PACKAGE_STRING "lv 0.0.1"
| #define PACKAGE_BUGREPORT "parsa32569@gmail.com"
| #define PACKAGE_URL ""
| #define HAVE_DIRENT_H 1
| #define HAVE_POSIX_TERMIOS 1
| #define HAVE_ERRNO_H 1
| #define HAVE_FCNTL_H 1
| #define HAVE_LOCALE_H 1
| #define HAVE_SGTTY_H 1
| #define HAVE_STDLIB_H 1
| #define HAVE_STRING_H 1
| #define HAVE_SYS_IOCTL_H 1
| #define HAVE_SYS_PARAM_H 1
| #define HAVE_SYS_TIME_H 1
| #define HAVE_UNISTD_H 1
| #define HAVE_UTIME_H 1
| #define HAVE_TIME_H 1
| /* end confdefs.h.  */
| #include <pwd.h>
configure:3830: result: no
configure:3830: WARNING: pwd.h: accepted by the compiler, rejected by the preprocessor!
configure:3830: WARNING: pwd.h: proceeding with the compiler's result
configure:3830: checking for pwd.h
configure:3830: result: yes
configure:3830: checking paths.h usability
configure:3830: gcc -c -g -O2  conftest.c >&5
configure:3830: $? = 0
configure:3830: result: yes
configure:3830: checking paths.h presence
configure:3830:   conftest.c
./configure: line 1551: conftest.c: command not found
configure:3830: $? = 127
configure: failed program was:
| /* confdefs.h */
| #define PACKAGE_NAME "lv"
| #define PACKAGE_TARNAME "lv"
| #define PACKAGE_VERSION "0.0.1"
| #define PACKAGE_STRING "lv 0.0.1"
| #define PACKAGE_BUGREPORT "parsa32569@gmail.com"
| #define PACKAGE_URL ""
| #define HAVE_DIRENT_H 1
| #define HAVE_POSIX_TERMIOS 1
| #define HAVE_ERRNO_H 1
| #define HAVE_FCNTL_H 1
| #define HAVE_LOCALE_H 1
| #define HAVE_SGTTY_H 1
| #define HAVE_STDLIB_H 1
| #define HAVE_STRING_H 1
| #define HAVE_SYS_IOCTL_H 1
| #define HAVE_SYS_PARAM_H 1
| #define HAVE_SYS_TIME_H 1
| #define HAVE_UNISTD_H 1
| #define HAVE_UTIME_H 1
| #define HAVE_TIME_H 1
| #define HAVE_PWD_H 1
| /* end confdefs.h.  */
| #include <paths.h>
configure:3830: result: no
configure:3830: WARNING: paths.h: accepted by the compiler, rejected by the preprocessor!
configure:3830: WARNING: paths.h: proceeding with the compiler's result
configure:3830: checking for paths.h
configure:3830: result: yes
configure:3830: checking pty.h usability
configure:3830: gcc -c -g -O2  conftest.c >&5
configure:3830: $? = 0
configure:3830: result: yes
configure:3830: checking pty.h presence
configure:3830:   conftest.c
./configure: line 1551: conftest.c: command not found
configure:3830: $? = 127
configure: failed program was:
| /* confdefs.h */
| #define PACKAGE_NAME "lv"
| #define PACKAGE_TARNAME "lv"
| #define PACKAGE_VERSION "0.0.1"
| #define PACKAGE_STRING "lv 0.0.1"
| #define PACKAGE_BUGREPORT "parsa32569@gmail.com"
| #define PACKAGE_URL ""
| #define HAVE_DIRENT_H 1
| #define HAVE_POSIX_TERMIOS 1
| #define HAVE_ERRNO_H 1
| #define HAVE_FCNTL_H 1
| #define HAVE_LOCALE_H 1
| #define HAVE_SGTTY_H 1
| #define HAVE_STDLIB_H 1
| #define HAVE_STRING_H 1
| #define HAVE_SYS_IOCTL_H 1
| #define HAVE_SYS_PARAM_H 1
| #define HAVE_SYS_TIME_H 1
| #define HAVE_UNISTD_H 1
| #define HAVE_UTIME_H 1
| #define HAVE_TIME_H 1
| #define HAVE_PWD_H 1
| #define HAVE_PATHS_H 1
| /* end confdefs.h.  */
| #include <pty.h>
configure:3830: result: no
configure:3830: WARNING: pty.h: accepted by the compiler, rejected by the preprocessor!
configure:3830: WARNING: pty.h: proceeding with the compiler's result
configure:3830: checking for pty.h
configure:3830: result: yes
configure:3830: checking libutil.h usability
configure:3830: gcc -c -g -O2  conftest.c >&5
conftest.c:59:10: fatal error: libutil.h: No such file or directory
   59 | #include <libutil.h>
      |          ^~~~~~~~~~~
compilation terminated.
configure:3830: $? = 1
configure: failed program was:
| /* confdefs.h */
| #define PACKAGE_NAME "lv"
| #define PACKAGE_TARNAME "lv"
| #define PACKAGE_VERSION "0.0.1"
| #define PACKAGE_STRING "lv 0.0.1"
| #define PACKAGE_BUGREPORT "parsa32569@gmail.com"
| #define PACKAGE_URL ""
| #define HAVE_DIRENT_H 1
| #define HAVE_POSIX_TERMIOS 1
| #define HAVE_ERRNO_H 1
| #define HAVE_FCNTL_H 1
| #define HAVE_LOCALE_H 1
| #define HAVE_SGTTY_H 1
| #define HAVE_STDLIB_H 1
| #define HAVE_STRING_H 1
| #define HAVE_SYS_IOCTL_H 1
| #define HAVE_SYS_PARAM_H 1
| #define HAVE_SYS_TIME_H 1
| #define HAVE_UNISTD_H 1
| #define HAVE_UTIME_H 1
| #define HAVE_TIME_H 1
| #define HAVE_PWD_H 1
| #define HAVE_PATHS_H 1
| #define HAVE_PTY_H 1
| /* end confdefs.h.  */
| #include <stdio.h>
| #ifdef HAVE_SYS_TYPES_H
| # include <sys/types.h>
| #endif
| #ifdef HAVE_SYS_STAT_H
| # include <sys/stat.h>
| #endif
| #ifdef STDC_HEADERS
| # include <stdlib.h>
| # include <stddef.h>
| #else
| # ifdef HAVE_STDLIB_H
| #  include <stdlib.h>
| # endif
| #endif
| #ifdef HAVE_STRING_H
| # if !defined STDC_HEADERS && defined HAVE_MEMORY_H
| #  include <memory.h>
| # endif
| # include <string.h>
| #endif
| #ifdef HAVE_STRINGS_H
| # include <strings.h>
| #endif
| #ifdef HAVE_INTTYPES_H
| # include <inttypes.h>
| #endif
| #ifdef HAVE_STDINT_H
| # include <stdint.h>
| #endif
| #ifdef HAVE_UNISTD_H
| # include <unistd.h>
| #endif
| #include <libutil.h>
configure:3830: result: no
configure:3830: checking libutil.h presence
configure:3830:   conftest.c
./configure: line 1551: conftest.c: command not found
configure:3830: $? = 127
configure: failed program was:
| /* confdefs.h */
| #define PACKAGE_NAME "lv"
| #define PACKAGE_TARNAME "lv"
| #define PACKAGE_VERSION "0.0.1"
| #define PACKAGE_STRING "lv 0.0.1"
| #define PACKAGE_BUGREPORT "parsa32569@gmail.com"
| #define PACKAGE_URL ""
| #define HAVE_DIRENT_H 1
| #define HAVE_POSIX_TERMIOS 1
| #define HAVE_ERRNO_H 1
| #define HAVE_FCNTL_H 1
| #define HAVE_LOCALE_H 1
| #define HAVE_SGTTY_H 1
| #define HAVE_STDLIB_H 1
| #define HAVE_STRING_H 1
| #define HAVE_SYS_IOCTL_H 1
| #define HAVE_SYS_PARAM_H 1
| #define HAVE_SYS_TIME_H 1
| #define HAVE_UNISTD_H 1
| #define HAVE_UTIME_H 1
| #define HAVE_TIME_H 1
| #define HAVE_PWD_H 1
| #define HAVE_PATHS_H 1
| #define HAVE_PTY_H 1
| /* end confdefs.h.  */
| #include <libutil.h>
configure:3830: result: no
configure:3830: checking for libutil.h
configure:3830: result: no
configure:3843: checking sys/types.h usability
configure:3843: gcc -c -g -O2  conftest.c >&5
configure:3843: $? = 0
configure:3843: result: yes
configure:3843: checking sys/types.h presence
configure:3843:   conftest.c
./configure: line 1551: conftest.c: command not found
configure:3843: $? = 127
configure: failed program was:
| /* confdefs.h */
| #define PACKAGE_NAME "lv"
| #define PACKAGE_TARNAME "lv"
| #define PACKAGE_VERSION "0.0.1"
| #define PACKAGE_STRING "lv 0.0.1"
| #define PACKAGE_BUGREPORT "parsa32569@gmail.com"
| #define PACKAGE_URL ""
| #define HAVE_DIRENT_H 1
| #define HAVE_POSIX_TERMIOS 1
| #define HAVE_ERRNO_H 1
| #define HAVE_FCNTL_H 1
| #define HAVE_LOCALE_H 1
| #define HAVE_SGTTY_H 1
| #define HAVE_STDLIB_H 1
| #define HAVE_STRING_H 1
| #define HAVE_SYS_IOCTL_H 1
| #define HAVE_SYS_PARAM_H 1
| #define HAVE_SYS_TIME_H 1
| #define HAVE_UNISTD_H 1
| #define HAVE_UTIME_H 1
| #define HAVE_TIME_H 1
| #define HAVE_PWD_H 1
| #define HAVE_PATHS_H 1
| #define HAVE_PTY_H 1
| /* end confdefs.h.  */
| #include <sys/types.h>
configure:3843: result: no
configure:3843: WARNING: sys/types.h: accepted by the compiler, rejected by the preprocessor!
configure:3843: WARNING: sys/types.h: proceeding with the compiler's result
configure:3843: checking for sys/types.h
configure:3843: result: yes
configure:3843: checking sys/stat.h usability
configure:3843: gcc -c -g -O2  conftest.c >&5
configure:3843: $? = 0
configure:3843: result: yes
configure:3843: checking sys/stat.h presence
configure:3843:   conftest.c
./configure: line 1551: conftest.c: command not found
configure:3843: $? = 127
configure: failed program was:
| /* confdefs.h */
| #define PACKAGE_NAME "lv"
| #define PACKAGE_TARNAME "lv"
| #define PACKAGE_VERSION "0.0.1"
| #define PACKAGE_STRING "lv 0.0.1"
| #define PACKAGE_BUGREPORT "parsa32569@gmail.com"
| #define PACKAGE_URL ""
| #define HAVE_DIRENT_H 1
| #define HAVE_POSIX_TERMIOS 1
| #define HAVE_ERRNO_H 1
| #define HAVE_FCNTL_H 1
| #define HAVE_LOCALE_H 1
| #define HAVE_SGTTY_H 1
| #define HAVE_STDLIB_H 1
| #define HAVE_STRING_H 1
| #define HAVE_SYS_IOCTL_H 1
| #define HAVE_SYS_PARAM_H 1
| #define HAVE_SYS_TIME_H 1
| #define HAVE_UNISTD_H 1
| #define HAVE_UTIME_H 1
| #define HAVE_TIME_H 1
| #define HAVE_PWD_H 1
| #define HAVE_PATHS_H 1
| #define HAVE_PTY_H 1
| #define HAVE_SYS_TYPES_H 1
| /* end confdefs.h.  */
| #include <sys/stat.h>
configure:3843: result: no
configure:3843: WARNING: sys/stat.h: accepted by the compiler, rejected by the preprocessor!
configure:3843: WARNING: sys/stat.h: proceeding with the compiler's result
configure:3843: checking for sys/stat.h
configure:3843: result: yes
configure:3843: checking sys/wait.h usability
configure:3843: gcc -c -g -O2  conftest.c >&5
configure:3843: $? = 0
configure:3843: result: yes
configure:3843: checking sys/wait.h presence
configure:3843:   conftest.c
./configure: line 1551: conftest.c: command not found
configure:3843: $? = 127
configure: failed program was:
| /* confdefs.h */
| #define PACKAGE_NAME "lv"
| #define PACKAGE_TARNAME "lv"
| #define PACKAGE_VERSION "0.0.1"
| #define PACKAGE_STRING "lv 0.0.1"
| #define PACKAGE_BUGREPORT "parsa32569@gmail.com"
| #define PACKAGE_URL ""
| #define HAVE_DIRENT_H 1
| #define HAVE_POSIX_TERMIOS 1
| #define HAVE_ERRNO_H 1
| #define HAVE_FCNTL_H 1
| #define HAVE_LOCALE_H 1
| #define HAVE_SGTTY_H 1
| #define HAVE_STDLIB_H 1
| #define HAVE_STRING_H 1
| #define HAVE_SYS_IOCTL_H 1
| #define HAVE_SYS_PARAM_H 1
| #define HAVE_SYS_TIME_H 1
| #define HAVE_UNISTD_H 1
| #define HAVE_UTIME_H 1
| #define HAVE_TIME_H 1
| #define HAVE_PWD_H 1
| #define HAVE_PATHS_H 1
| #define HAVE_PTY_H 1
| #define HAVE_SYS_TYPES_H 1
| #define HAVE_SYS_STAT_H 1
| /* end confdefs.h.  */
| #include <sys/wait.h>
configure:3843: result: no
configure:3843: WARNING: sys/wait.h: accepted by the compiler, rejected by the preprocessor!
configure:3843: WARNING: sys/wait.h: proceeding with the compiler's result
configure:3843: checking for sys/wait.h
configure:3843: result: yes
configure:3843: checking limits.h usability
configure:3843: gcc -c -g -O2  conftest.c >&5
configure:3843: $? = 0
configure:3843: result: yes
configure:3843: checking limits.h presence
configure:3843:   conftest.c
./configure: line 1551: conftest.c: command not found
configure:3843: $? = 127
configure: failed program was:
| /* confdefs.h */
| #define PACKAGE_NAME "lv"
| #define PACKAGE_TARNAME "lv"
| #define PACKAGE_VERSION "0.0.1"
| #define PACKAGE_STRING "lv 0.0.1"
| #define PACKAGE_BUGREPORT "parsa32569@gmail.com"
| #define PACKAGE_URL ""
| #define HAVE_DIRENT_H 1
| #define HAVE_POSIX_TERMIOS 1
| #define HAVE_ERRNO_H 1
| #define HAVE_FCNTL_H 1
| #define HAVE_LOCALE_H 1
| #define HAVE_SGTTY_H 1
| #define HAVE_STDLIB_H 1
| #define HAVE_STRING_H 1
| #define HAVE_SYS_IOCTL_H 1
| #define HAVE_SYS_PARAM_H 1
| #define HAVE_SYS_TIME_H 1
| #define HAVE_UNISTD_H 1
| #define HAVE_UTIME_H 1
| #define HAVE_TIME_H 1
| #define HAVE_PWD_H 1
| #define HAVE_PATHS_H 1
| #define HAVE_PTY_H 1
| #define HAVE_SYS_TYPES_H 1
| #define HAVE_SYS_STAT_H 1
| #define HAVE_SYS_WAIT_H 1
| /* end confdefs.h.  */
| #include <limits.h>
configure:3843: result: no
configure:3843: WARNING: limits.h: accepted by the compiler, rejected by the preprocessor!
configure:3843: WARNING: limits.h: proceeding with the compiler's result
configure:3843: checking for limits.h
configure:3843: result: yes
configure:3843: checking signal.h usability
configure:3843: gcc -c -g -O2  conftest.c >&5
configure:3843: $? = 0
configure:3843: result: yes
configure:3843: checking signal.h presence
configure:3843:   conftest.c
./configure: line 1551: conftest.c: command not found
configure:3843: $? = 127
configure: failed program was:
| /* confdefs.h */
| #define PACKAGE_NAME "lv"
| #define PACKAGE_TARNAME "lv"
| #define PACKAGE_VERSION "0.0.1"
| #define PACKAGE_STRING "lv 0.0.1"
| #define PACKAGE_BUGREPORT "parsa32569@gmail.com"
| #define PACKAGE_URL ""
| #define HAVE_DIRENT_H 1
| #define HAVE_POSIX_TERMIOS 1
| #define HAVE_ERRNO_H 1
| #define HAVE_FCNTL_H 1
| #define HAVE_LOCALE_H 1
| #define HAVE_SGTTY_H 1
| #define HAVE_STDLIB_H 1
| #define HAVE_STRING_H 1
| #define HAVE_SYS_IOCTL_H 1
| #define HAVE_SYS_PARAM_H 1
| #define HAVE_SYS_TIME_H 1
| #define HAVE_UNISTD_H 1
| #define HAVE_UTIME_H 1
| #define HAVE_TIME_H 1
| #define HAVE_PWD_H 1
| #define HAVE_PATHS_H 1
| #define HAVE_PTY_H 1
| #define HAVE_SYS_TYPES_H 1
| #define HAVE_SYS_STAT_H 1
| #define HAVE_SYS_WAIT_H 1
| #define HAVE_LIMITS_H 1
| /* end confdefs.h.  */
| #include <signal.h>
configure:3843: result: no
configure:3843: WARNING: signal.h: accepted by the compiler, rejected by the preprocessor!
configure:3843: WARNING: signal.h: proceeding with the compiler's result
configure:3843: checking for signal.h
configure:3843: result: yes
configure:3856: checking curses.h usability
configure:3856: gcc -c -g -O2  conftest.c >&5
configure:3856: $? = 0
configure:3856: result: yes
configure:3856: checking curses.h presence
configure:3856:   conftest.c
./configure: line 1551: conftest.c: command not found
configure:3856: $? = 127
configure: failed program was:
| /* confdefs.h */
| #define PACKAGE_NAME "lv"
| #define PACKAGE_TARNAME "lv"
| #define PACKAGE_VERSION "0.0.1"
| #define PACKAGE_STRING "lv 0.0.1"
| #define PACKAGE_BUGREPORT "parsa32569@gmail.com"
| #define PACKAGE_URL ""
| #define HAVE_DIRENT_H 1
| #define HAVE_POSIX_TERMIOS 1
| #define HAVE_ERRNO_H 1
| #define HAVE_FCNTL_H 1
| #define HAVE_LOCALE_H 1
| #define HAVE_SGTTY_H 1
| #define HAVE_STDLIB_H 1
| #define HAVE_STRING_H 1
| #define HAVE_SYS_IOCTL_H 1
| #define HAVE_SYS_PARAM_H 1
| #define HAVE_SYS_TIME_H 1
| #define HAVE_UNISTD_H 1
| #define HAVE_UTIME_H 1
| #define HAVE_TIME_H 1
| #define HAVE_PWD_H 1
| #define HAVE_PATHS_H 1
| #define HAVE_PTY_H 1
| #define HAVE_SYS_TYPES_H 1
| #define HAVE_SYS_STAT_H 1
| #define HAVE_SYS_WAIT_H 1
| #define HAVE_LIMITS_H 1
| #define HAVE_SIGNAL_H 1
| /* end confdefs.h.  */
| #include <curses.h>
configure:3856: result: no
configure:3856: WARNING: curses.h: accepted by the compiler, rejected by the preprocessor!
configure:3856: WARNING: curses.h: proceeding with the compiler's result
configure:3856: checking for curses.h
configure:3856: result: yes
configure:3856: checking term.h usability
configure:3856: gcc -c -g -O2  conftest.c >&5
configure:3856: $? = 0
configure:3856: result: yes
configure:3856: checking term.h presence
configure:3856:   conftest.c
./configure: line 1551: conftest.c: command not found
configure:3856: $? = 127
configure: failed program was:
| /* confdefs.h */
| #define PACKAGE_NAME "lv"
| #define PACKAGE_TARNAME "lv"
| #define PACKAGE_VERSION "0.0.1"
| #define PACKAGE_STRING "lv 0.0.1"
| #define PACKAGE_BUGREPORT "parsa32569@gmail.com"
| #define PACKAGE_URL ""
| #define HAVE_DIRENT_H 1
| #define HAVE_POSIX_TERMIOS 1
| #define HAVE_ERRNO_H 1
| #define HAVE_FCNTL_H 1
| #define HAVE_LOCALE_H 1
| #define HAVE_SGTTY_H 1
| #define HAVE_STDLIB_H 1
| #define HAVE_STRING_H 1
| #define HAVE_SYS_IOCTL_H 1
| #define HAVE_SYS_PARAM_H 1
| #define HAVE_SYS_TIME_H 1
| #define HAVE_UNISTD_H 1
| #define HAVE_UTIME_H 1
| #define HAVE_TIME_H 1
| #define HAVE_PWD_H 1
| #define HAVE_PATHS_H 1
| #define HAVE_PTY_H 1
| #define HAVE_SYS_TYPES_H 1
| #define HAVE_SYS_STAT_H 1
| #define HAVE_SYS_WAIT_H 1
| #define HAVE_LIMITS_H 1
| #define HAVE_SIGNAL_H 1
| #define HAVE_CURSES_H 1
| /* end confdefs.h.  */
| #include <term.h>
configure:3856: result: no
configure:3856: WARNING: term.h: accepted by the compiler, rejected by the preprocessor!
configure:3856: WARNING: term.h: proceeding with the compiler's result
configure:3856: checking for term.h
configure:3856: result: yes
configure:3856: checking utmp.h usability
configure:3856: gcc -c -g -O2  conftest.c >&5
configure:3856: $? = 0
configure:3856: result: yes
configure:3856: checking utmp.h presence
configure:3856:   conftest.c
./configure: line 1551: conftest.c: command not found
configure:3856: $? = 127
configure: failed program was:
| /* confdefs.h */
| #define PACKAGE_NAME "lv"
| #define PACKAGE_TARNAME "lv"
| #define PACKAGE_VERSION "0.0.1"
| #define PACKAGE_STRING "lv 0.0.1"
| #define PACKAGE_BUGREPORT "parsa32569@gmail.com"
| #define PACKAGE_URL ""
| #define HAVE_DIRENT_H 1
| #define HAVE_POSIX_TERMIOS 1
| #define HAVE_ERRNO_H 1
| #define HAVE_FCNTL_H 1
| #define HAVE_LOCALE_H 1
| #define HAVE_SGTTY_H 1
| #define HAVE_STDLIB_H 1
| #define HAVE_STRING_H 1
| #define HAVE_SYS_IOCTL_H 1
| #define HAVE_SYS_PARAM_H 1
| #define HAVE_SYS_TIME_H 1
| #define HAVE_UNISTD_H 1
| #define HAVE_UTIME_H 1
| #define HAVE_TIME_H 1
| #define HAVE_PWD_H 1
| #define HAVE_PATHS_H 1
| #define HAVE_PTY_H 1
| #define HAVE_SYS_TYPES_H 1
| #define HAVE_SYS_STAT_H 1
| #define HAVE_SYS_WAIT_H 1
| #define HAVE_LIMITS_H 1
| #define HAVE_SIGNAL_H 1
| #define HAVE_CURSES_H 1
| #define HAVE_TERM_H 1
| /* end confdefs.h.  */
| #include <utmp.h>
configure:3856: result: no
configure:3856: WARNING: utmp.h: accepted by the compiler, rejected by the preprocessor!
configure:3856: WARNING: utmp.h: proceeding with the compiler's result
configure:3856: checking for utmp.h
configure:3856: result: yes
configure:3856: checking sys/utime.h usability
configure:3856: gcc -c -g -O2  conftest.c >&5
conftest.c:67:10: fatal error: sys/utime.h: No such file or directory
   67 | #include <sys/utime.h>
      |          ^~~~~~~~~~~~~
compilation terminated.
configure:3856: $? = 1
configure: failed program was:
| /* confdefs.h */
| #define PACKAGE_NAME "lv"
| #define PACKAGE_TARNAME "lv"
| #define PACKAGE_VERSION "0.0.1"
| #define PACKAGE_STRING "lv 0.0.1"
| #define PACKAGE_BUGREPORT "parsa32569@gmail.com"
| #define PACKAGE_URL ""
| #define HAVE_DIRENT_H 1
| #define HAVE_POSIX_TERMIOS 1
| #define HAVE_ERRNO_H 1
| #define HAVE_FCNTL_H 1
| #define HAVE_LOCALE_H 1
| #define HAVE_SGTTY_H 1
| #define HAVE_STDLIB_H 1
| #define HAVE_STRING_H 1
| #define HAVE_SYS_IOCTL_H 1
| #define HAVE_SYS_PARAM_H 1
| #define HAVE_SYS_TIME_H 1
| #define HAVE_UNISTD_H 1
| #define HAVE_UTIME_H 1
| #define HAVE_TIME_H 1
| #define HAVE_PWD_H 1
| #define HAVE_PATHS_H 1
| #define HAVE_PTY_H 1
| #define HAVE_SYS_TYPES_H 1
| #define HAVE_SYS_STAT_H 1
| #define HAVE_SYS_WAIT_H 1
| #define HAVE_LIMITS_H 1
| #define HAVE_SIGNAL_H 1
| #define HAVE_CURSES_H 1
| #define HAVE_TERM_H 1
| #define HAVE_UTMP_H 1
| /* end confdefs.h.  */
| #include <stdio.h>
| #ifdef HAVE_SYS_TYPES_H
| # include <sys/types.h>
| #endif
| #ifdef HAVE_SYS_STAT_H
| # include <sys/stat.h>
| #endif
| #ifdef STDC_HEADERS
| # include <stdlib.h>
| # include <stddef.h>
| #else
| # ifdef HAVE_STDLIB_H
| #  include <stdlib.h>
| # endif
| #endif
| #ifdef HAVE_STRING_H
| # if !defined STDC_HEADERS && defined HAVE_MEMORY_H
| #  include <memory.h>
| # endif
| # include <string.h>
| #endif
| #ifdef HAVE_STRINGS_H
| # include <strings.h>
| #endif
| #ifdef HAVE_INTTYPES_H
| # include <inttypes.h>
| #endif
| #ifdef HAVE_STDINT_H
| # include <stdint.h>
| #endif
| #ifdef HAVE_UNISTD_H
| # include <unistd.h>
| #endif
| #include <sys/utime.h>
configure:3856: result: no
configure:3856: checking sys/utime.h presence
configure:3856:   conftest.c
./configure: line 1551: conftest.c: command not found
configure:3856: $? = 127
configure: failed program was:
| /* confdefs.h */
| #define PACKAGE_NAME "lv"
| #define PACKAGE_TARNAME "lv"
| #define PACKAGE_VERSION "0.0.1"
| #define PACKAGE_STRING "lv 0.0.1"
| #define PACKAGE_BUGREPORT "parsa32569@gmail.com"
| #define PACKAGE_URL ""
| #define HAVE_DIRENT_H 1
| #define HAVE_POSIX_TERMIOS 1
| #define HAVE_ERRNO_H 1
| #define HAVE_FCNTL_H 1
| #define HAVE_LOCALE_H 1
| #define HAVE_SGTTY_H 1
| #define HAVE_STDLIB_H 1
| #define HAVE_STRING_H 1
| #define HAVE_SYS_IOCTL_H 1
| #define HAVE_SYS_PARAM_H 1
| #define HAVE_SYS_TIME_H 1
| #define HAVE_UNISTD_H 1
| #define HAVE_UTIME_H 1
| #define HAVE_TIME_H 1
| #define HAVE_PWD_H 1
| #define HAVE_PATHS_H 1
| #define HAVE_PTY_H 1
| #define HAVE_SYS_TYPES_H 1
| #define HAVE_SYS_STAT_H 1
| #define HAVE_SYS_WAIT_H 1
| #define HAVE_LIMITS_H 1
| #define HAVE_SIGNAL_H 1
| #define HAVE_CURSES_H 1
| #define HAVE_TERM_H 1
| #define HAVE_UTMP_H 1
| /* end confdefs.h.  */
| #include <sys/utime.h>
configure:3856: result: no
configure:3856: checking for sys/utime.h
configure:3856: result: no
configure:3870: checking selinux/selinux.h usability
configure:3870: gcc -c -g -O2  conftest.c >&5
configure:3870: $? = 0
configure:3870: result: yes
configure:3870: checking selinux/selinux.h presence
configure:3870:   conftest.c
./configure: line 1551: conftest.c: command not found
configure:3870: $? = 127
configure: failed program was:
| /* confdefs.h */
| #define PACKAGE_NAME "lv"
| #define PACKAGE_TARNAME "lv"
| #define PACKAGE_VERSION "0.0.1"
| #define PACKAGE_STRING "lv 0.0.1"
| #define PACKAGE_BUGREPORT "parsa32569@gmail.com"
| #define PACKAGE_URL ""
| #define HAVE_DIRENT_H 1
| #define HAVE_POSIX_TERMIOS 1
| #define HAVE_ERRNO_H 1
| #define HAVE_FCNTL_H 1
| #define HAVE_LOCALE_H 1
| #define HAVE_SGTTY_H 1
| #define HAVE_STDLIB_H 1
| #define HAVE_STRING_H 1
| #define HAVE_SYS_IOCTL_H 1
| #define HAVE_SYS_PARAM_H 1
| #define HAVE_SYS_TIME_H 1
| #define HAVE_UNISTD_H 1
| #define HAVE_UTIME_H 1
| #define HAVE_TIME_H 1
| #define HAVE_PWD_H 1
| #define HAVE_PATHS_H 1
| #define HAVE_PTY_H 1
| #define HAVE_SYS_TYPES_H 1
| #define HAVE_SYS_STAT_H 1
| #define HAVE_SYS_WAIT_H 1
| #define HAVE_LIMITS_H 1
| #define HAVE_SIGNAL_H 1
| #define HAVE_CURSES_H 1
| #define HAVE_TERM_H 1
| #define HAVE_UTMP_H 1
| /* end confdefs.h.  */
| #include <selinux/selinux.h>
configure:3870: result: no
configure:3870: WARNING: selinux/selinux.h: accepted by the compiler, rejected by the preprocessor!
configure:3870: WARNING: selinux/selinux.h: proceeding with the compiler's result
configure:3870: checking for selinux/selinux.h
configure:3870: result: yes
configure:3870: checking selinux/context.h usability
configure:3870: gcc -c -g -O2  conftest.c >&5
configure:3870: $? = 0
configure:3870: result: yes
configure:3870: checking selinux/context.h presence
configure:3870:   conftest.c
./configure: line 1551: conftest.c: command not found
configure:3870: $? = 127
configure: failed program was:
| /* confdefs.h */
| #define PACKAGE_NAME "lv"
| #define PACKAGE_TARNAME "lv"
| #define PACKAGE_VERSION "0.0.1"
| #define PACKAGE_STRING "lv 0.0.1"
| #define PACKAGE_BUGREPORT "parsa32569@gmail.com"
| #define PACKAGE_URL ""
| #define HAVE_DIRENT_H 1
| #define HAVE_POSIX_TERMIOS 1
| #define HAVE_ERRNO_H 1
| #define HAVE_FCNTL_H 1
| #define HAVE_LOCALE_H 1
| #define HAVE_SGTTY_H 1
| #define HAVE_STDLIB_H 1
| #define HAVE_STRING_H 1
| #define HAVE_SYS_IOCTL_H 1
| #define HAVE_SYS_PARAM_H 1
| #define HAVE_SYS_TIME_H 1
| #define HAVE_UNISTD_H 1
| #define HAVE_UTIME_H 1
| #define HAVE_TIME_H 1
| #define HAVE_PWD_H 1
| #define HAVE_PATHS_H 1
| #define HAVE_PTY_H 1
| #define HAVE_SYS_TYPES_H 1
| #define HAVE_SYS_STAT_H 1
| #define HAVE_SYS_WAIT_H 1
| #define HAVE_LIMITS_H 1
| #define HAVE_SIGNAL_H 1
| #define HAVE_CURSES_H 1
| #define HAVE_TERM_H 1
| #define HAVE_UTMP_H 1
| #define HAVE_SELINUX_SELINUX_H 1
| /* end confdefs.h.  */
| #include <selinux/context.h>
configure:3870: result: no
configure:3870: WARNING: selinux/context.h: accepted by the compiler, rejected by the preprocessor!
configure:3870: WARNING: selinux/context.h: proceeding with the compiler's result
configure:3870: checking for selinux/context.h
configure:3870: result: yes
configure:3890: checking for stdlib.h
configure:3890: result: yes
configure:3900: checking for GNU libc compatible malloc
configure:3924: gcc -o conftest -g -O2   conftest.c  >&5
configure:3924: $? = 0
configure:3924: ./conftest
configure:3924: $? = 0
configure:3934: result: yes
configure:3976: checking for a BSD-compatible install
configure:4044: result: /usr/bin/install -c
configure:4055: checking whether build environment is sane
configure:4110: result: yes
configure:4258: checking for a thread-safe mkdir -p
configure:4297: result: /usr/bin/mkdir -p
configure:4304: checking for gawk
configure:4334: result: no
configure:4304: checking for mawk
configure:4320: found /usr/bin/mawk
configure:4331: result: mawk
configure:4342: checking whether make sets $(MAKE)
configure:4364: result: yes
configure:4386: checking whether make supports the include directive
configure:4401: make -f confmf.GNU && cat confinc.out
make[1]: Entering directory '/home/pms/Desktop/lv'
make[1]: Leaving directory '/home/pms/Desktop/lv'
this is the am__doit target
configure:4404: $? = 0
configure:4423: result: yes (GNU style)
configure:4456: checking whether make supports nested variables
configure:4473: result: yes
configure:4558: checking dependency style of gcc
configure:4669: result: gcc3
configure:4866: checking that generated files are newer than configure
configure:4872: result: done
configure:4895: creating ./config.status

## ---------------- ##
## Cache variables. ##
## ---------------- ##

ac_cv_c_compiler_gnu=yes
ac_cv_env_CC_set=
ac_cv_env_CC_value=
ac_cv_env_CFLAGS_set=
ac_cv_env_CFLAGS_value=
ac_cv_env_CPPFLAGS_set=
ac_cv_env_CPPFLAGS_value=
ac_cv_env_CPP_set=
ac_cv_env_CPP_value=
ac_cv_env_LDFLAGS_set=
ac_cv_env_LDFLAGS_value=
ac_cv_env_LIBS_set=
ac_cv_env_LIBS_value=
ac_cv_env_build_alias_set=
ac_cv_env_build_alias_value=
ac_cv_env_host_alias_set=
ac_cv_env_host_alias_value=
ac_cv_env_target_alias_set=
ac_cv_env_target_alias_value=
ac_cv_func_malloc_0_nonnull=yes
ac_cv_header_curses_h=yes
ac_cv_header_dirent_dirent_h=yes
ac_cv_header_errno_h=yes
ac_cv_header_fcntl_h=yes
ac_cv_header_libutil_h=no
ac_cv_header_limits_h=yes
ac_cv_header_locale_h=yes
ac_cv_header_paths_h=yes
ac_cv_header_pty_h=yes
ac_cv_header_pwd_h=yes
ac_cv_header_selinux_context_h=yes
ac_cv_header_selinux_selinux_h=yes
ac_cv_header_sgtty_h=yes
ac_cv_header_signal_h=yes
ac_cv_header_stdlib_h=yes
ac_cv_header_string_h=yes
ac_cv_header_sys_dirent_h=no
ac_cv_header_sys_ioctl_h=yes
ac_cv_header_sys_param_h=yes
ac_cv_header_sys_stat_h=yes
ac_cv_header_sys_time_h=yes
ac_cv_header_sys_types_h=yes
ac_cv_header_sys_utime_h=no
ac_cv_header_sys_wait_h=yes
ac_cv_header_term_h=yes
ac_cv_header_time_h=yes
ac_cv_header_unistd_h=yes
ac_cv_header_utime_h=yes
ac_cv_header_utmp_h=yes
ac_cv_objext=o
ac_cv_path_install='/usr/bin/install -c'
ac_cv_path_mkdir=/usr/bin/mkdir
ac_cv_prog_AWK=mawk
ac_cv_prog_ac_ct_CC=gcc
ac_cv_prog_cc_c89=
ac_cv_prog_cc_g=yes
ac_cv_prog_make_make_set=yes
ac_cv_search_opendir='none required'
ac_cv_sys_file_offset_bits=no
ac_cv_sys_largefile_CC=no
ac_cv_sys_posix_termios=yes
am_cv_CC_dependencies_compiler_type=gcc3
am_cv_make_support_nested_variables=yes
am_cv_prog_cc_c_o=yes

## ----------------- ##
## Output variables. ##
## ----------------- ##

ACLOCAL='${SHELL} /home/pms/Desktop/lv/missing aclocal-1.16'
AMDEPBACKSLASH='\'
AMDEP_FALSE='#'
AMDEP_TRUE=''
AMTAR='$${TAR-tar}'
AM_BACKSLASH='\'
AM_DEFAULT_V='$(AM_DEFAULT_VERBOSITY)'
AM_DEFAULT_VERBOSITY='1'
AM_V='$(V)'
AUTOCONF='${SHELL} /home/pms/Desktop/lv/missing autoconf'
AUTOHEADER='${SHELL} /home/pms/Desktop/lv/missing autoheader'
AUTOMAKE='${SHELL} /home/pms/Desktop/lv/missing automake-1.16'
AWK='mawk'
CC='gcc'
CCDEPMODE='depmode=gcc3'
CFLAGS='-g -O2'
CPP=''
CPPFLAGS=''
CYGPATH_W='echo'
DEFS='-DPACKAGE_NAME=\"lv\" -DPACKAGE_TARNAME=\"lv\" -DPACKAGE_VERSION=\"0.0.1\" -DPACKAGE_STRING=\"lv\ 0.0.1\" -DPACKAGE_BUGREPORT=\"parsa32569@gmail.com\" -DPACKAGE_URL=\"\" -DHAVE_DIRENT_H=1 -DHAVE_POSIX_TERMIOS=1 -DHAVE_ERRNO_H=1 -DHAVE_FCNTL_H=1 -DHAVE_LOCALE_H=1 -DHAVE_SGTTY_H=1 -DHAVE_STDLIB_H=1 -DHAVE_STRING_H=1 -DHAVE_SYS_IOCTL_H=1 -DHAVE_SYS_PARAM_H=1 -DHAVE_SYS_TIME_H=1 -DHAVE_UNISTD_H=1 -DHAVE_UTIME_H=1 -DHAVE_TIME_H=1 -DHAVE_PWD_H=1 -DHAVE_PATHS_H=1 -DHAVE_PTY_H=1 -DHAVE_SYS_TYPES_H=1 -DHAVE_SYS_STAT_H=1 -DHAVE_SYS_WAIT_H=1 -DHAVE_LIMITS_H=1 -DHAVE_SIGNAL_H=1 -DHAVE_CURSES_H=1 -DHAVE_TERM_H=1 -DHAVE_UTMP_H=1 -DHAVE_SELINUX_SELINUX_H=1 -DHAVE_SELINUX_CONTEXT_H=1 -DHAVE_SELINUX=1 -DHAVE_STDLIB_H=1 -DHAVE_MALLOC=1 -DPACKAGE=\"lv\" -DVERSION=\"0.0.1\"'
DEPDIR='.deps'
ECHO_C=''
ECHO_N='-n'
ECHO_T=''
EGREP=''
EXEEXT=''
GREP=''
INSTALL_DATA='${INSTALL} -m 644'
INSTALL_PROGRAM='${INSTALL}'
INSTALL_SCRIPT='${INSTALL}'
INSTALL_STRIP_PROGRAM='$(install_sh) -c -s'
LDFLAGS=''
LIBOBJS=''
LIBS=''
LTLIBOBJS=''
MAKEINFO='${SHELL} /home/pms/Desktop/lv/missing makeinfo'
MKDIR_P='/usr/bin/mkdir -p'
OBJEXT='o'
PACKAGE='lv'
PACKAGE_BUGREPORT='parsa32569@gmail.com'
PACKAGE_NAME='lv'
PACKAGE_STRING='lv 0.0.1'
PACKAGE_TARNAME='lv'
PACKAGE_URL=''
PACKAGE_VERSION='0.0.1'
PATH_SEPARATOR=':'
SET_MAKE=''
SHELL='/bin/bash'
STRIP=''
VERSION='0.0.1'
ac_ct_CC='gcc'
am__EXEEXT_FALSE=''
am__EXEEXT_TRUE='#'
am__fastdepCC_FALSE='#'
am__fastdepCC_TRUE=''
am__include='include'
am__isrc=''
am__leading_dot='.'
am__nodep='_no'
am__quote=''
am__tar='$${TAR-tar} chof - "$$tardir"'
am__untar='$${TAR-tar} xf -'
bindir='${exec_prefix}/bin'
build_alias=''
datadir='${datarootdir}'
datarootdir='${prefix}/share'
docdir='${datarootdir}/doc/${PACKAGE_TARNAME}'
dvidir='${docdir}'
exec_prefix='${prefix}'
host_alias=''
htmldir='${docdir}'
includedir='${prefix}/include'
infodir='${datarootdir}/info'
install_sh='${SHELL} /home/pms/Desktop/lv/install-sh'
libdir='${exec_prefix}/lib'
libexecdir='${exec_prefix}/libexec'
localedir='${datarootdir}/locale'
localstatedir='${prefix}/var'
mandir='${datarootdir}/man'
mkdir_p='$(MKDIR_P)'
oldincludedir='/usr/include'
pdfdir='${docdir}'
prefix='/usr/local'
program_transform_name='s,x,x,'
psdir='${docdir}'
runstatedir='${localstatedir}/run'
sbindir='${exec_prefix}/sbin'
sharedstatedir='${prefix}/com'
sysconfdir='${prefix}/etc'
target_alias=''

## ----------- ##
## confdefs.h. ##
## ----------- ##

/* confdefs.h */
#define PACKAGE_NAME "lv"
#define PACKAGE_TARNAME "lv"
#define PACKAGE_VERSION "0.0.1"
#define PACKAGE_STRING "lv 0.0.1"
#define PACKAGE_BUGREPORT "parsa32569@gmail.com"
#define PACKAGE_URL ""
#define HAVE_DIRENT_H 1
#define HAVE_POSIX_TERMIOS 1
#define HAVE_ERRNO_H 1
#define HAVE_FCNTL_H 1
#define HAVE_LOCALE_H 1
#define HAVE_SGTTY_H 1
#define HAVE_STDLIB_H 1
#define HAVE_STRING_H 1
#define HAVE_SYS_IOCTL_H 1
#define HAVE_SYS_PARAM_H 1
#define HAVE_SYS_TIME_H 1
#define HAVE_UNISTD_H 1
#define HAVE_UTIME_H 1
#define HAVE_TIME_H 1
#define HAVE_PWD_H 1
#define HAVE_PATHS_H 1
#define HAVE_PTY_H 1
#define HAVE_SYS_TYPES_H 1
#define HAVE_SYS_STAT_H 1
#define HAVE_SYS_WAIT_H 1
#define HAVE_LIMITS_H 1
#define HAVE_SIGNAL_H 1
#define HAVE_CURSES_H 1
#define HAVE_TERM_H 1
#define HAVE_UTMP_H 1
#define HAVE_SELINUX_SELINUX_H 1
#define HAVE_SELINUX_CONTEXT_H 1
#define HAVE_SELINUX 1
#define HAVE_STDLIB_H 1
#define HAVE_MALLOC 1
#define PACKAGE "lv"
#define VERSION "0.0.1"

configure: exit 0

## ---------------------- ##
## Running config.status. ##
## ---------------------- ##

This file was extended by lv config.status 0.0.1, which was
generated by GNU Autoconf 2.69.  Invocation command line was

  CONFIG_FILES    = 
  CONFIG_HEADERS  = 
  CONFIG_LINKS    = 
  CONFIG_COMMANDS = 
  $ ./config.status 

on pop-os

config.status:781: creating Makefile
config.status:781: creating src/Makefile
config.status:953: executing depfiles commands
config.status:1030: cd src       && sed -e '/# am--include-marker/d' Makefile         | make -f - am--depfiles
make[1]: Entering directory '/home/pms/Desktop/lv/src'
make[1]: Nothing to be done for 'am--depfiles'.
make[1]: Leaving directory '/home/pms/Desktop/lv/src'
config.status:1035: $? = 0
